<?xml version="1.0" encoding="UTF-8"?>
<testsuite name="TestInputOption" tests="1" skipped="0" failures="0" errors="0" timestamp="2022-04-14T23:49:42" hostname="gimminseog-ui-MacBookPro.local" time="0.015">
  <properties/>
  <testcase name="Test_isValidOption()" classname="TestInputOption" time="0.015"/>
  <system-out><![CDATA[]]></system-out>
  <system-err><![CDATA[]]></system-err>
</testsuite>
