<?xml version="1.0" encoding="UTF-8"?>
<testsuite name="NameTest" tests="4" skipped="0" failures="0" errors="0" timestamp="2022-04-14T07:57:56" hostname="DESKTOP-TOFC224" time="0.019">
  <properties/>
  <testcase name="SecondName_Setter()" classname="NameTest" time="0.016"/>
  <testcase name="FirstName_Getter()" classname="NameTest" time="0.001"/>
  <testcase name="FirstName_Setter()" classname="NameTest" time="0.001"/>
  <testcase name="SecondName_Getter()" classname="NameTest" time="0.0"/>
  <system-out><![CDATA[]]></system-out>
  <system-err><![CDATA[]]></system-err>
</testsuite>
