<?xml version="1.0" encoding="UTF-8"?>
<testsuite name="TestInputOption" tests="4" skipped="0" failures="0" errors="0" timestamp="2022-04-15T00:32:46" hostname="gimminseog-ui-MacBookPro.local" time="0.018">
  <properties/>
  <testcase name="Test_getSingleTonInstance()" classname="TestInputOption" time="0.013"/>
  <testcase name="Test_repitition()" classname="TestInputOption" time="0.002"/>
  <testcase name="Test_setOptions()" classname="TestInputOption" time="0.001"/>
  <testcase name="Test_isValidOption()" classname="TestInputOption" time="0.001"/>
  <system-out><![CDATA[]]></system-out>
  <system-err><![CDATA[]]></system-err>
</testsuite>
