<?xml version="1.0" encoding="UTF-8"?>
<testsuite name="PhoneNumberTest" tests="6" skipped="0" failures="0" errors="0" timestamp="2022-04-15T00:46:34" hostname="DESKTOP-TOFC224" time="0.021">
  <properties/>
  <testcase name="SetEndNumber()" classname="PhoneNumberTest" time="0.016"/>
  <testcase name="getEndNum()" classname="PhoneNumberTest" time="0.001"/>
  <testcase name="setPhoneNumber()" classname="PhoneNumberTest" time="0.001"/>
  <testcase name="getPhoneNum()" classname="PhoneNumberTest" time="0.001"/>
  <testcase name="SetMiddleNumber()" classname="PhoneNumberTest" time="0.0"/>
  <testcase name="getFirstNum()" classname="PhoneNumberTest" time="0.0"/>
  <system-out><![CDATA[]]></system-out>
  <system-err><![CDATA[]]></system-err>
</testsuite>
